<?xml version="1.0" encoding="UTF-8"?>
<testng-results total="1" passed="1" failed="0" skipped="0">
  <reporter-output>
  </reporter-output>
  <suite started-at="2019-02-08T07:01:33Z" name="Default suite" finished-at="2019-02-08T07:02:09Z" duration-ms="35631">
    <groups>
    </groups>
    <test started-at="2019-02-08T07:01:33Z" name="Default test" finished-at="2019-02-08T07:02:09Z" duration-ms="35631">
      <class name="ObjectReposetory.verifyCreateContact">
        <test-method is-config="true" signature="configBc()[pri:0, instance:ObjectReposetory.verifyCreateContact@4961f6af]" started-at="2019-02-08T12:31:33Z" name="configBc" finished-at="2019-02-08T12:31:41Z" duration-ms="8227" status="PASS">
          <reporter-output>
          </reporter-output>
        </test-method> <!-- configBc -->
        <test-method is-config="true" signature="configBM()[pri:0, instance:ObjectReposetory.verifyCreateContact@4961f6af]" started-at="2019-02-08T12:31:41Z" name="configBM" finished-at="2019-02-08T12:31:52Z" duration-ms="10950" status="PASS">
          <reporter-output>
          </reporter-output>
        </test-method> <!-- configBM -->
        <test-method signature="CreateContact()[pri:0, instance:ObjectReposetory.verifyCreateContact@4961f6af]" started-at="2019-02-08T12:31:52Z" name="CreateContact" finished-at="2019-02-08T12:32:07Z" duration-ms="14909" status="PASS">
          <reporter-output>
          </reporter-output>
        </test-method> <!-- CreateContact -->
        <test-method is-config="true" signature="configAM()[pri:0, instance:ObjectReposetory.verifyCreateContact@4961f6af]" started-at="2019-02-08T12:32:07Z" name="configAM" finished-at="2019-02-08T12:32:09Z" duration-ms="1500" status="PASS">
          <reporter-output>
          </reporter-output>
        </test-method> <!-- configAM -->
        <test-method is-config="true" signature="configAC()[pri:0, instance:ObjectReposetory.verifyCreateContact@4961f6af]" started-at="2019-02-08T12:32:09Z" name="configAC" finished-at="2019-02-08T12:32:09Z" duration-ms="19" status="PASS">
          <reporter-output>
          </reporter-output>
        </test-method> <!-- configAC -->
      </class> <!-- ObjectReposetory.verifyCreateContact -->
    </test> <!-- Default test -->
  </suite> <!-- Default suite -->
</testng-results>
